This is pdfTeX, Version 3.14159265-2.6-1.40.18 (TeX Live 2017) (preloaded format=pdflatex 2017.5.23)  14 APR 2018 05:42
entering extended mode
 restricted \write18 enabled.
 file:line:error style messages enabled.
 %&-line parsing enabled.
**plain-lang-agreement.tex
(./plain-lang-agreement.tex
LaTeX2e <2017-04-15>
Babel <3.10> and hyphenation patterns for 84 language(s) loaded.
(/usr/local/texlive/2017/texmf-dist/tex/latex/base/article.cls
Document Class: article 2014/09/29 v1.4h Standard LaTeX document class
(/usr/local/texlive/2017/texmf-dist/tex/latex/base/size11.clo
File: size11.clo 2014/09/29 v1.4h Standard LaTeX file (size option)
)
\c@part=\count79
\c@section=\count80
\c@subsection=\count81
\c@subsubsection=\count82
\c@paragraph=\count83
\c@subparagraph=\count84
\c@figure=\count85
\c@table=\count86
\abovecaptionskip=\skip41
\belowcaptionskip=\skip42
\bibindent=\dimen102
)
(./plain-lang-lib.tex

LaTeX Warning: Unused global option(s):
    [usletter].

(./plain-lang-agreement.aux)
\openout1 = `plain-lang-agreement.aux'.

LaTeX Font Info:    Checking defaults for OML/cmm/m/it on input line 60.
LaTeX Font Info:    ... okay on input line 60.
LaTeX Font Info:    Checking defaults for T1/cmr/m/n on input line 60.
LaTeX Font Info:    ... okay on input line 60.
LaTeX Font Info:    Checking defaults for OT1/cmr/m/n on input line 60.
LaTeX Font Info:    ... okay on input line 60.
LaTeX Font Info:    Checking defaults for OMS/cmsy/m/n on input line 60.
LaTeX Font Info:    ... okay on input line 60.
LaTeX Font Info:    Checking defaults for OMX/cmex/m/n on input line 60.
LaTeX Font Info:    ... okay on input line 60.
LaTeX Font Info:    Checking defaults for U/cmr/m/n on input line 60.
LaTeX Font Info:    ... okay on input line 60.
 [1

{/usr/local/texlive/2017/texmf-var/fonts/map/pdftex/updmap/pdftex.map}]
./plain-lang-lib.tex:172: Missing number, treated as zero.
<to be read again> 
                   q
l.172 }
       
A number should have been here; I inserted `0'.
(If you can't figure out why I needed to see a number,
look up `weird error' in the index to The TeXbook.)

./plain-lang-lib.tex:172: Missing control sequence inserted.
<inserted text> 
                \inaccessible 
l.172 }
       
Please don't say `\def cs{...}', say `\def\cs{...}'.
I've inserted an inaccessible control sequence so that your
definition will be completed without mixing me up too badly.
You can recover graciously from this error, if you're
careful; see exercise 27.2 in The TeXbook.

./plain-lang-lib.tex:172: You already have nine parameters.
\reserved@a ... \def \expandafter r\reserved@b #10
                                                  q{
l.172 }
       
I'm going to ignore the # sign you just used.

[1]
./plain-lang-lib.tex:201: Missing number, treated as zero.
<to be read again> 
                   v
l.201 }
       
A number should have been here; I inserted `0'.
(If you can't figure out why I needed to see a number,
look up `weird error' in the index to The TeXbook.)

./plain-lang-lib.tex:201: Missing control sequence inserted.
<inserted text> 
                \inaccessible 
l.201 }
       
Please don't say `\def cs{...}', say `\def\cs{...}'.
I've inserted an inaccessible control sequence so that your
definition will be completed without mixing me up too badly.
You can recover graciously from this error, if you're
careful; see exercise 27.2 in The TeXbook.

./plain-lang-lib.tex:201: You already have nine parameters.
\reserved@a ... \def \expandafter d\reserved@b #10
                                                  v{
l.201 }
       
I'm going to ignore the # sign you just used.

[2]
./plain-lang-lib.tex:201: You can't use `macro parameter character #' in horizo
ntal mode.
<argument> ...Javascript, Ruby, Python, Go, C, C##
                                                  , and C++ for optimization...
l.201 }
       
Sorry, but I'm not programmed to handle this case;
I'll just pretend that you didn't ask for it.
If you're in the wrong mode, you might be able to
return to the right one by typing `I}' or `I$' or `I\par'.

Missing character: There is no â in font cmr10!
Missing character: There is no € in font cmr10!
Missing character: There is no œ in font cmr10!

Overfull \hbox (1.2592pt too wide) in paragraph at lines 201--201
\OT1/cmr/m/n/10.95 work of widely-accepted markup and object-oriented pro-gram-
ming lan-gauges
 []

[3]
./plain-lang-lib.tex:397: Missing number, treated as zero.
<to be read again> 
                   g
l.397 }
       
A number should have been here; I inserted `0'.
(If you can't figure out why I needed to see a number,
look up `weird error' in the index to The TeXbook.)

./plain-lang-lib.tex:397: Missing control sequence inserted.
<inserted text> 
                \inaccessible 
l.397 }
       
Please don't say `\def cs{...}', say `\def\cs{...}'.
I've inserted an inaccessible control sequence so that your
definition will be completed without mixing me up too badly.
You can recover graciously from this error, if you're
careful; see exercise 27.2 in The TeXbook.

./plain-lang-lib.tex:397: You already have nine parameters.
\reserved@a ... \def \expandafter r\reserved@b #10
                                                  g{
l.397 }
       
I'm going to ignore the # sign you just used.

./plain-lang-lib.tex:405: Missing number, treated as zero.
<to be read again> 
                   a
l.405 }
       
A number should have been here; I inserted `0'.
(If you can't figure out why I needed to see a number,
look up `weird error' in the index to The TeXbook.)

./plain-lang-lib.tex:405: Missing control sequence inserted.
<inserted text> 
                \inaccessible 
l.405 }
       
Please don't say `\def cs{...}', say `\def\cs{...}'.
I've inserted an inaccessible control sequence so that your
definition will be completed without mixing me up too badly.
You can recover graciously from this error, if you're
careful; see exercise 27.2 in The TeXbook.

./plain-lang-lib.tex:405: You already have nine parameters.
\reserved@a ... \def \expandafter c\reserved@b #10
                                                  a{
l.405 }
       
I'm going to ignore the # sign you just used.

Missing character: There is no â in font cmr10!
Missing character: There is no € in font cmr10!
Missing character: There is no ™ in font cmr10!
./plain-lang-lib.tex:405: Undefined control sequence.
<argument> ...nd. The total price of \projectcost 
                                                  , outlined on \ref of this...
l.405 }
       
The control sequence at the end of the top line
of your error message was never \def'ed. If you have
misspelled it (e.g., `\hobx'), type `I' and the correct
spelling (e.g., `I\hbox'). Otherwise just continue,
and I'll forget about whatever was undefined.


LaTeX Warning: Reference `o' on page 4 undefined on input line 405.

[4]
Missing character: There is no â in font cmr10!
Missing character: There is no € in font cmr10!
Missing character: There is no ™ in font cmr10!


LaTeX Warning: Reference `o' on page 5 undefined on input line 405.

Missing character: There is no â in font cmr10!
Missing character: There is no € in font cmr10!
Missing character: There is no ™ in font cmr10!
./plain-lang-lib.tex:495: Missing number, treated as zero.
<to be read again> 
                   n
l.495 }
       
A number should have been here; I inserted `0'.
(If you can't figure out why I needed to see a number,
look up `weird error' in the index to The TeXbook.)

./plain-lang-lib.tex:495: Missing control sequence inserted.
<inserted text> 
                \inaccessible 
l.495 }
       
Please don't say `\def cs{...}', say `\def\cs{...}'.
I've inserted an inaccessible control sequence so that your
definition will be completed without mixing me up too badly.
You can recover graciously from this error, if you're
careful; see exercise 27.2 in The TeXbook.

./plain-lang-lib.tex:495: You already have nine parameters.
\reserved@a ... \def \expandafter c\reserved@b #10
                                                  n{
l.495 }
       
I'm going to ignore the # sign you just used.

./plain-lang-lib.tex:503: Missing number, treated as zero.
<to be read again> 
                   r
l.503 }
       
A number should have been here; I inserted `0'.
(If you can't figure out why I needed to see a number,
look up `weird error' in the index to The TeXbook.)

./plain-lang-lib.tex:503: Missing control sequence inserted.
<inserted text> 
                \inaccessible 
l.503 }
       
Please don't say `\def cs{...}', say `\def\cs{...}'.
I've inserted an inaccessible control sequence so that your
definition will be completed without mixing me up too badly.
You can recover graciously from this error, if you're
careful; see exercise 27.2 in The TeXbook.

./plain-lang-lib.tex:503: You already have nine parameters.
\reserved@a ... \def \expandafter t\reserved@b #10
                                                  r{
l.503 }
       
I'm going to ignore the # sign you just used.

[5] (./plain-lang-agreement.aux)

LaTeX Warning: There were undefined references.

 ) ) 
Here is how much of TeX's memory you used:
 277 strings out of 492995
 3305 string characters out of 6132704
 72853 words of memory out of 5000000
 3909 multiletter control sequences out of 15000+600000
 6670 words of font info for 24 fonts, out of 8000000 for 9000
 1141 hyphenation exceptions out of 8191
 21i,5n,21p,858b,187s stack positions out of 5000i,500n,10000p,200000b,80000s
</usr/local/texlive/2017/texmf-dist/fonts/type1/public/amsfonts/cm/cmbx10.p
fb></usr/local/texlive/2017/texmf-dist/fonts/type1/public/amsfonts/cm/cmbx12.pf
b></usr/local/texlive/2017/texmf-dist/fonts/type1/public/amsfonts/cm/cmr10.pfb>
</usr/local/texlive/2017/texmf-dist/fonts/type1/public/amsfonts/cm/cmr12.pfb>
Output written on plain-lang-agreement.pdf (6 pages, 72488 bytes).
PDF statistics:
 39 PDF objects out of 1000 (max. 8388607)
 26 compressed objects within 1 object stream
 0 named destinations out of 1000 (max. 500000)
 1 words of extra memory for PDF output out of 10000 (max. 10000000)

