This is pdfTeX, Version 3.14159265-2.6-1.40.18 (TeX Live 2017) (preloaded format=pdflatex 2017.5.23)  14 APR 2018 01:03
entering extended mode
 restricted \write18 enabled.
 %&-line parsing enabled.
**/Volumes/sangha/github/swaevior/contract-templates/plain-language-contracts/s
ervices.tex

(/Volumes/sangha/github/swaevior/contract-templates/plain-language-contracts/se
rvices.tex
LaTeX2e <2017-04-15>
Babel <3.10> and hyphenation patterns for 84 language(s) loaded.
)
Runaway argument?
{ \subsection *{Copy Editing} Copy Editing: 4-5 cents per word or \$5\ETC.
! File ended while scanning use of \@argdef.
<inserted text> 
                \par 
<*> ...lates/plain-language-contracts/services.tex
                                                   
Here is how much of TeX's memory you used:
 24 strings out of 492995
 565 string characters out of 6132704
 54074 words of memory out of 5000000
 3676 multiletter control sequences out of 15000+600000
 3640 words of font info for 14 fonts, out of 8000000 for 9000
 1141 hyphenation exceptions out of 8191
 7i,0n,6p,528b,8s stack positions out of 5000i,500n,10000p,200000b,80000s

!  ==> Fatal error occurred, no output PDF file produced!
